<?xml version="1.0" encoding="UTF-8" ?>
<testsuite tests="11" failures="0" name="testRunner.TestRunner" time="0.338" errors="0" skipped="9">
  <properties>
[...]
</properties>
  <testcase classname="Scenario: Delete a Booking" name="Given I have navigated to Hotel Booking Form" time="0.059">
    <skipped/>
  </testcase>
  <testcase classname="Scenario: Delete a Booking" name="When I click on delete button for first booking" time="0.059">
    <skipped/>
  </testcase>
  <testcase classname="Scenario: Delete a Booking" name="Then That Booking should be deleted" time="0.059">
    <skipped/>
  </testcase>
  <testcase classname="Scenario: Delete a Booking" name="Scenario: Delete a Booking" time="0.059">
    <skipped/>
  </testcase>
  <testcase classname="Scenario: Delete a Booking" name="Scenario: Delete a Booking" time="0.06"/>
  <testcase classname="Scenario: Create a new Booking" name="Given I have navigated to Hotel Booking Form" time="0.007">
    <skipped/>
  </testcase>
  <testcase classname="Scenario: Create a new Booking" name="When I enter required values in all fields" time="0.007">
    <skipped/>
  </testcase>
  <testcase classname="Scenario: Create a new Booking" name="And click on Save Button" time="0.007">
    <skipped/>
  </testcase>
  <testcase classname="Scenario: Create a new Booking" name="Then New Booking should be created" time="0.007">
    <skipped/>
  </testcase>
  <testcase classname="Scenario: Create a new Booking" name="Scenario: Create a new Booking" time="0.007">
    <skipped/>
  </testcase>
  <testcase classname="Scenario: Create a new Booking" name="Scenario: Create a new Booking" time="0.007"/>
</testsuite>